#
# There is insufficient memory for the Java Runtime Environment to continue.
# Native memory allocation (malloc) failed to allocate 1176816 bytes for Chunk::new
# Possible reasons:
#   The system is out of physical RAM or swap space
#   The process is running with CompressedOops enabled, and the Java Heap may be blocking the growth of the native heap
# Possible solutions:
#   Reduce memory load on the system
#   Increase physical memory or swap space
#   Check if swap backing store is full
#   Decrease Java heap size (-Xmx/-Xms)
#   Decrease number of Java threads
#   Decrease Java thread stack sizes (-Xss)
#   Set larger code cache with -XX:ReservedCodeCacheSize=
#   JVM is running with Unscaled Compressed Oops mode in which the Java heap is
#     placed in the first 4GB address space. The Java Heap base address is the
#     maximum limit for the native heap growth. Please use -XX:HeapBaseMinAddress
#     to set the Java Heap base and to place the Java Heap above 4GB virtual address.
# This output file may be truncated or incomplete.
#
#  Out of Memory Error (allocation.cpp:389), pid=6588, tid=0x00000000000033dc
#
# JRE version: Java(TM) SE Runtime Environment (8.0_241-b07) (build 1.8.0_241-b07)
# Java VM: Java HotSpot(TM) 64-Bit Server VM (25.241-b07 mixed mode windows-amd64 compressed oops)
# Failed to write core dump. Minidumps are not enabled by default on client versions of Windows
#

---------------  T H R E A D  ---------------

Current thread (0x0000000014b8e000):  JavaThread "C2 CompilerThread1" daemon [_thread_in_native, id=13276, stack(0x00000000162c0000,0x00000000163c0000)]

Stack: [0x00000000162c0000,0x00000000163c0000]
[error occurred during error reporting (printing stack bounds), id 0xc0000005]

Native frames: (J=compiled Java code, j=interpreted, Vv=VM code, C=native code)


Current CompileTask:
C2:1896671 3720       4       javax.swing.plaf.nimbus.AbstractRegionPainter::paint (13 bytes)


---------------  P R O C E S S  ---------------

Java Threads: ( => current thread )
  0x0000000017372000 JavaThread "TimerQueue" daemon [_thread_blocked, id=7308, stack(0x00000000198f0000,0x00000000199f0000)]
  0x0000000016da9000 JavaThread "mysql-cj-abandoned-connection-cleanup" daemon [_thread_blocked, id=11844, stack(0x00000000181d0000,0x00000000182d0000)]
  0x000000000256e800 JavaThread "DestroyJavaVM" [_thread_blocked, id=8584, stack(0x0000000000b00000,0x0000000000c00000)]
  0x0000000016cc2000 JavaThread "AWT-EventQueue-0" [_thread_blocked, id=10668, stack(0x0000000017bd0000,0x0000000017cd0000)]
  0x00000000168b6000 JavaThread "AWT-Windows" daemon [_thread_in_native, id=5400, stack(0x0000000017600000,0x0000000017700000)]
  0x0000000016c67000 JavaThread "AWT-Shutdown" [_thread_blocked, id=3828, stack(0x0000000017500000,0x0000000017600000)]
  0x0000000016c66800 JavaThread "Java2D Disposer" daemon [_thread_blocked, id=3696, stack(0x0000000017400000,0x0000000017500000)]
  0x00000000164f2800 JavaThread "Service Thread" daemon [_thread_blocked, id=5492, stack(0x00000000168c0000,0x00000000169c0000)]
  0x0000000014b95800 JavaThread "C1 CompilerThread2" daemon [_thread_blocked, id=5388, stack(0x00000000163c0000,0x00000000164c0000)]
=>0x0000000014b8e000 JavaThread "C2 CompilerThread1" daemon [_thread_in_native, id=13276, stack(0x00000000162c0000,0x00000000163c0000)]
  0x0000000014b87800 JavaThread "C2 CompilerThread0" daemon [_thread_in_native, id=3084, stack(0x00000000161c0000,0x00000000162c0000)]
  0x0000000014b84000 JavaThread "Attach Listener" daemon [_thread_blocked, id=4444, stack(0x00000000160c0000,0x00000000161c0000)]
  0x0000000014b82800 JavaThread "Signal Dispatcher" daemon [_thread_blocked, id=6864, stack(0x0000000015fc0000,0x00000000160c0000)]
  0x00000000024da800 JavaThread "Finalizer" daemon [_thread_blocked, id=5832, stack(0x0000000015dd0000,0x0000000015ed0000)]
  0x00000000024d2000 JavaThread "Reference Handler" daemon [_thread_blocked, id=1860, stack(0x0000000015cd0000,0x0000000015dd0000)]

Other Threads:
  0x0000000014b46800 VMThread [stack: 0x0000000015bd0000,0x0000000015cd0000] [id=13540]
  0x000000001650b000 WatcherThread [stack: 0x00000000169c0000,0x0000000016ac0000] [id=3680]

VM state:not at safepoint (normal execution)

VM Mutex/Monitor currently owned by a thread: None

heap address: 0x00000000c1400000, size: 1004 MB, Compressed Oops mode: 32-bit
Narrow klass base: 0x0000000000000000, Narrow klass shift: 3
Compressed class space size: 1073741824 Address: 0x0000000100000000

Heap:
 PSYoungGen      total 19456K, used 9053K [0x00000000eb180000, 0x00000000ed700000, 0x0000000100000000)
  eden space 13824K, 28% used [0x00000000eb180000,0x00000000eb54f558,0x00000000ebf00000)
  from space 5632K, 91% used [0x00000000ebf00000,0x00000000ec408020,0x00000000ec480000)
  to   space 12288K, 0% used [0x00000000ecb00000,0x00000000ecb00000,0x00000000ed700000)
 ParOldGen       total 33792K, used 16015K [0x00000000c1400000, 0x00000000c3500000, 0x00000000eb180000)
  object space 33792K, 47% used [0x00000000c1400000,0x00000000c23a3e00,0x00000000c3500000)
 Metaspace       used 18946K, capacity 19204K, committed 19584K, reserved 1067008K
  class space    used 2218K, capacity 2314K, committed 2432K, reserved 1048576K

Card table byte_map: [0x0000000011930000,0x0000000011b30000] byte_map_base: 0x0000000011326000

Marking Bits: (ParMarkBitMap*) 0x0000000075f8be30
 Begin Bits: [0x0000000012080000, 0x0000000013030000)
 End Bits:   [0x0000000013030000, 0x0000000013fe0000)

Polling page: 0x00000000009d0000

CodeCache: size=245760Kb used=10434Kb max_used=10510Kb free=235325Kb
 bounds [0x0000000002570000, 0x0000000002fd0000, 0x0000000011570000]
 total_blobs=3674 nmethods=3102 adapters=482
 compilation: enabled

Compilation events (10 events):
Event: 1895.974 Thread 0x0000000014b95800 3719       3       javax.swing.plaf.synth.SynthLabelUI::getContext (11 bytes)
Event: 1895.975 Thread 0x0000000014b95800 nmethod 3719 0x0000000002c1dc50 code [0x0000000002c1dee0, 0x0000000002c1f0e8]
Event: 1895.978 Thread 0x0000000014b8e000 3720       4       javax.swing.plaf.nimbus.AbstractRegionPainter::paint (13 bytes)
Event: 1895.978 Thread 0x0000000014b87800 3721       4       javax.swing.plaf.nimbus.AbstractRegionPainter::paint (126 bytes)
Event: 1895.982 Thread 0x0000000014b95800 3723       3       javax.swing.DefaultComboBoxModel::getSize (8 bytes)
Event: 1895.982 Thread 0x0000000014b95800 nmethod 3723 0x0000000002a10510 code [0x0000000002a10680, 0x0000000002a109f0]
Event: 1896.058 Thread 0x0000000014b95800 3724       3       sun.awt.NullComponentPeer::setZOrder (1 bytes)
Event: 1896.058 Thread 0x0000000014b95800 nmethod 3724 0x0000000002a10210 code [0x0000000002a10360, 0x0000000002a104b0]
Event: 1896.059 Thread 0x0000000014b95800 3725   !   3       java.awt.Container::decreaseComponentCount (124 bytes)
Event: 1896.060 Thread 0x0000000014b95800 nmethod 3725 0x0000000002c1c6d0 code [0x0000000002c1c8c0, 0x0000000002c1d6f8]

GC Heap History (10 events):
Event: 1683.822 GC heap before
{Heap before GC invocations=26 (full 2):
 PSYoungGen      total 27648K, used 23904K [0x00000000eb180000, 0x00000000edb00000, 0x0000000100000000)
  eden space 13824K, 100% used [0x00000000eb180000,0x00000000ebf00000,0x00000000ebf00000)
  from space 13824K, 72% used [0x00000000ebf00000,0x00000000ec8d8000,0x00000000ecc80000)
  to   space 14336K, 0% used [0x00000000ecd00000,0x00000000ecd00000,0x00000000edb00000)
 ParOldGen       total 34816K, used 19800K [0x00000000c1400000, 0x00000000c3600000, 0x00000000eb180000)
  object space 34816K, 56% used [0x00000000c1400000,0x00000000c2756240,0x00000000c3600000)
 Metaspace       used 18916K, capacity 19204K, committed 19584K, reserved 1067008K
  class space    used 2218K, capacity 2314K, committed 2432K, reserved 1048576K
Event: 1683.831 GC heap after
Heap after GC invocations=26 (full 2):
 PSYoungGen      total 27136K, used 4688K [0x00000000eb180000, 0x00000000eda00000, 0x0000000100000000)
  eden space 13824K, 0% used [0x00000000eb180000,0x00000000eb180000,0x00000000ebf00000)
  from space 13312K, 35% used [0x00000000ecd00000,0x00000000ed194010,0x00000000eda00000)
  to   space 13824K, 0% used [0x00000000ebf00000,0x00000000ebf00000,0x00000000ecc80000)
 ParOldGen       total 34816K, used 27598K [0x00000000c1400000, 0x00000000c3600000, 0x00000000eb180000)
  object space 34816K, 79% used [0x00000000c1400000,0x00000000c2ef39c0,0x00000000c3600000)
 Metaspace       used 18916K, capacity 19204K, committed 19584K, reserved 1067008K
  class space    used 2218K, capacity 2314K, committed 2432K, reserved 1048576K
}
Event: 1683.831 GC heap before
{Heap before GC invocations=27 (full 3):
 PSYoungGen      total 27136K, used 4688K [0x00000000eb180000, 0x00000000eda00000, 0x0000000100000000)
  eden space 13824K, 0% used [0x00000000eb180000,0x00000000eb180000,0x00000000ebf00000)
  from space 13312K, 35% used [0x00000000ecd00000,0x00000000ed194010,0x00000000eda00000)
  to   space 13824K, 0% used [0x00000000ebf00000,0x00000000ebf00000,0x00000000ecc80000)
 ParOldGen       total 34816K, used 27598K [0x00000000c1400000, 0x00000000c3600000, 0x00000000eb180000)
  object space 34816K, 79% used [0x00000000c1400000,0x00000000c2ef39c0,0x00000000c3600000)
 Metaspace       used 18916K, capacity 19204K, committed 19584K, reserved 1067008K
  class space    used 2218K, capacity 2314K, committed 2432K, reserved 1048576K
Event: 1683.886 GC heap after
Heap after GC invocations=27 (full 3):
 PSYoungGen      total 27136K, used 0K [0x00000000eb180000, 0x00000000eda00000, 0x0000000100000000)
  eden space 13824K, 0% used [0x00000000eb180000,0x00000000eb180000,0x00000000ebf00000)
  from space 13312K, 0% used [0x00000000ecd00000,0x00000000ecd00000,0x00000000eda00000)
  to   space 13824K, 0% used [0x00000000ebf00000,0x00000000ebf00000,0x00000000ecc80000)
 ParOldGen       total 33792K, used 9587K [0x00000000c1400000, 0x00000000c3500000, 0x00000000eb180000)
  object space 33792K, 28% used [0x00000000c1400000,0x00000000c1d5ce90,0x00000000c3500000)
 Metaspace       used 18916K, capacity 19204K, committed 19584K, reserved 1067008K
  class space    used 2218K, capacity 2314K, committed 2432K, reserved 1048576K
}
Event: 1716.631 GC heap before
{Heap before GC invocations=28 (full 3):
 PSYoungGen      total 27136K, used 13824K [0x00000000eb180000, 0x00000000eda00000, 0x0000000100000000)
  eden space 13824K, 100% used [0x00000000eb180000,0x00000000ebf00000,0x00000000ebf00000)
  from space 13312K, 0% used [0x00000000ecd00000,0x00000000ecd00000,0x00000000eda00000)
  to   space 13824K, 0% used [0x00000000ebf00000,0x00000000ebf00000,0x00000000ecc80000)
 ParOldGen       total 33792K, used 9587K [0x00000000c1400000, 0x00000000c3500000, 0x00000000eb180000)
  object space 33792K, 28% used [0x00000000c1400000,0x00000000c1d5ce90,0x00000000c3500000)
 Metaspace       used 18926K, capacity 19204K, committed 19584K, reserved 1067008K
  class space    used 2218K, capacity 2314K, committed 2432K, reserved 1048576K
Event: 1716.641 GC heap after
Heap after GC invocations=28 (full 3):
 PSYoungGen      total 19456K, used 5504K [0x00000000eb180000, 0x00000000ed900000, 0x0000000100000000)
  eden space 13824K, 0% used [0x00000000eb180000,0x00000000eb180000,0x00000000ebf00000)
  from space 5632K, 97% used [0x00000000ebf00000,0x00000000ec460020,0x00000000ec480000)
  to   space 13312K, 0% used [0x00000000ecc00000,0x00000000ecc00000,0x00000000ed900000)
 ParOldGen       total 33792K, used 9587K [0x00000000c1400000, 0x00000000c3500000, 0x00000000eb180000)
  object space 33792K, 28% used [0x00000000c1400000,0x00000000c1d5ce90,0x00000000c3500000)
 Metaspace       used 18926K, capacity 19204K, committed 19584K, reserved 1067008K
  class space    used 2218K, capacity 2314K, committed 2432K, reserved 1048576K
}
Event: 1838.194 GC heap before
{Heap before GC invocations=29 (full 3):
 PSYoungGen      total 19456K, used 19328K [0x00000000eb180000, 0x00000000ed900000, 0x0000000100000000)
  eden space 13824K, 100% used [0x00000000eb180000,0x00000000ebf00000,0x00000000ebf00000)
  from space 5632K, 97% used [0x00000000ebf00000,0x00000000ec460020,0x00000000ec480000)
  to   space 13312K, 0% used [0x00000000ecc00000,0x00000000ecc00000,0x00000000ed900000)
 ParOldGen       total 33792K, used 9587K [0x00000000c1400000, 0x00000000c3500000, 0x00000000eb180000)
  object space 33792K, 28% used [0x00000000c1400000,0x00000000c1d5ce90,0x00000000c3500000)
 Metaspace       used 18933K, capacity 19204K, committed 19584K, reserved 1067008K
  class space    used 2218K, capacity 2314K, committed 2432K, reserved 1048576K
Event: 1838.244 GC heap after
Heap after GC invocations=29 (full 3):
 PSYoungGen      total 27136K, used 2528K [0x00000000eb180000, 0x00000000ed900000, 0x0000000100000000)
  eden space 13824K, 0% used [0x00000000eb180000,0x00000000eb180000,0x00000000ebf00000)
  from space 13312K, 18% used [0x00000000ecc00000,0x00000000ece78000,0x00000000ed900000)
  to   space 13312K, 0% used [0x00000000ebf00000,0x00000000ebf00000,0x00000000ecc00000)
 ParOldGen       total 33792K, used 13873K [0x00000000c1400000, 0x00000000c3500000, 0x00000000eb180000)
  object space 33792K, 41% used [0x00000000c1400000,0x00000000c218c560,0x00000000c3500000)
 Metaspace       used 18933K, capacity 19204K, committed 19584K, reserved 1067008K
  class space    used 2218K, capacity 2314K, committed 2432K, reserved 1048576K
}
Event: 1878.466 GC heap before
{Heap before GC invocations=30 (full 3):
 PSYoungGen      total 27136K, used 16352K [0x00000000eb180000, 0x00000000ed900000, 0x0000000100000000)
  eden space 13824K, 100% used [0x00000000eb180000,0x00000000ebf00000,0x00000000ebf00000)
  from space 13312K, 18% used [0x00000000ecc00000,0x00000000ece78000,0x00000000ed900000)
  to   space 13312K, 0% used [0x00000000ebf00000,0x00000000ebf00000,0x00000000ecc00000)
 ParOldGen       total 33792K, used 13873K [0x00000000c1400000, 0x00000000c3500000, 0x00000000eb180000)
  object space 33792K, 41% used [0x00000000c1400000,0x00000000c218c560,0x00000000c3500000)
 Metaspace       used 18944K, capacity 19204K, committed 19584K, reserved 1067008K
  class space    used 2218K, capacity 2314K, committed 2432K, reserved 1048576K
Event: 1878.469 GC heap after
Heap after GC invocations=30 (full 3):
 PSYoungGen      total 19456K, used 5152K [0x00000000eb180000, 0x00000000ed700000, 0x0000000100000000)
  eden space 13824K, 0% used [0x00000000eb180000,0x00000000eb180000,0x00000000ebf00000)
  from space 5632K, 91% used [0x00000000ebf00000,0x00000000ec408020,0x00000000ec480000)
  to   space 12288K, 0% used [0x00000000ecb00000,0x00000000ecb00000,0x00000000ed700000)
 ParOldGen       total 33792K, used 16015K [0x00000000c1400000, 0x00000000c3500000, 0x00000000eb180000)
  object space 33792K, 47% used [0x00000000c1400000,0x00000000c23a3e00,0x00000000c3500000)
 Metaspace       used 18944K, capacity 19204K, committed 19584K, reserved 1067008K
  class space    used 2218K, capacity 2314K, committed 2432K, reserved 1048576K
}

Deoptimization events (10 events):
Event: 1895.981 Thread 0x0000000016cc2000 Uncommon trap: reason=class_check action=maybe_recompile pc=0x000000000285795c method=javax.swing.plaf.synth.SynthButtonUI.getComponentState(Ljavax/swing/JComponent;)I @ 48
Event: 1895.981 Thread 0x0000000016cc2000 Uncommon trap: reason=unstable_if action=reinterpret pc=0x0000000002adb924 method=sun.java2d.pipe.Region.clipBoxToBounds([I)V @ 58
Event: 1895.981 Thread 0x0000000016cc2000 Uncommon trap: reason=class_check action=maybe_recompile pc=0x0000000002e3c5bc method=javax.swing.JComponent.paintBorder(Ljava/awt/Graphics;)V @ 22
Event: 1895.981 Thread 0x0000000016cc2000 Uncommon trap: reason=class_check action=maybe_recompile pc=0x0000000002e216bc method=sun.java2d.pipe.ValidatePipe.fill(Lsun/java2d/SunGraphics2D;Ljava/awt/Shape;)V @ 14
Event: 1895.982 Thread 0x0000000016cc2000 Uncommon trap: reason=unstable_if action=reinterpret pc=0x0000000002cebc0c method=sun.java2d.pipe.DrawImage.copyImage(Lsun/java2d/SunGraphics2D;Ljava/awt/Image;IIIIIILjava/awt/Color;)Z @ 4
Event: 1895.983 Thread 0x0000000016cc2000 Uncommon trap: reason=class_check action=maybe_recompile pc=0x0000000002a83500 method=javax.swing.plaf.synth.SynthStyle.getFont(Ljavax/swing/plaf/synth/SynthContext;)Ljava/awt/Font; @ 28
Event: 1896.057 Thread 0x0000000016cc2000 Uncommon trap: reason=class_check action=maybe_recompile pc=0x0000000002b2b684 method=javax.swing.plaf.synth.SynthButtonUI.getComponentState(Ljavax/swing/JComponent;)I @ 48
Event: 1896.058 Thread 0x0000000016cc2000 Uncommon trap: reason=class_check action=maybe_recompile pc=0x0000000002e3c5bc method=javax.swing.JComponent.paintBorder(Ljava/awt/Graphics;)V @ 22
Event: 1896.058 Thread 0x0000000016cc2000 Uncommon trap: reason=class_check action=maybe_recompile pc=0x0000000002e216bc method=sun.java2d.pipe.ValidatePipe.fill(Lsun/java2d/SunGraphics2D;Ljava/awt/Shape;)V @ 14
Event: 1896.058 Thread 0x0000000016cc2000 Uncommon trap: reason=class_check action=maybe_recompile pc=0x0000000002a83500 method=javax.swing.plaf.synth.SynthStyle.getFont(Ljavax/swing/plaf/synth/SynthContext;)Ljava/awt/Font; @ 28

Classes redefined (0 events):
No events

Internal exceptions (10 events):
Event: 0.262 Thread 0x000000000256e800 Exception <a 'java/lang/ClassNotFoundException': RootPane> (0x00000000eb4f9e08) thrown at [C:\ade\jenkins\workspace\8-2-build-windows-amd64-cygwin\jdk8u241\331\hotspot\src\share\vm\classfile\systemDictionary.cpp, line 210]
Event: 486.325 Thread 0x0000000016cc2000 Implicit null exception at 0x0000000002e41f77 to 0x0000000002e42835
Event: 534.771 Thread 0x0000000016cc2000 Implicit null exception at 0x0000000002e5e966 to 0x0000000002e62551
Event: 802.815 Thread 0x0000000016cc2000 Implicit null exception at 0x0000000002e8a9eb to 0x0000000002e8ccf5
Event: 802.815 Thread 0x0000000016cc2000 Implicit null exception at 0x00000000029c0cd0 to 0x00000000029c1ad5
Event: 802.815 Thread 0x0000000016cc2000 Implicit null exception at 0x0000000002f0d0e4 to 0x0000000002f0f2a9
Event: 807.590 Thread 0x0000000016cc2000 Implicit null exception at 0x0000000002f24030 to 0x0000000002f24d35
Event: 1895.941 Thread 0x0000000016cc2000 Implicit null exception at 0x0000000002faef9c to 0x0000000002fafb19
Event: 1895.941 Thread 0x0000000016cc2000 Implicit null exception at 0x0000000002fb4b7c to 0x0000000002fb6a7d
Event: 1895.967 Thread 0x0000000016cc2000 Implicit null exception at 0x0000000002ee020f to 0x0000000002ee9309

Events (10 events):
Event: 1896.057 Thread 0x0000000016cc2000 DEOPT UNPACKING pc=0x00000000025b583b sp=0x0000000017ccc530 mode 2
Event: 1896.058 Thread 0x0000000016cc2000 Uncommon trap: trap_request=0xffffffde fr.pc=0x0000000002e3c5bc
Event: 1896.058 Thread 0x0000000016cc2000 DEOPT PACKING pc=0x0000000002e3c5bc sp=0x0000000017ccc860
Event: 1896.058 Thread 0x0000000016cc2000 DEOPT UNPACKING pc=0x00000000025b583b sp=0x0000000017ccc7f0 mode 2
Event: 1896.058 Thread 0x0000000016cc2000 Uncommon trap: trap_request=0xffffffde fr.pc=0x0000000002e216bc
Event: 1896.058 Thread 0x0000000016cc2000 DEOPT PACKING pc=0x0000000002e216bc sp=0x0000000017ccc6e0
Event: 1896.058 Thread 0x0000000016cc2000 DEOPT UNPACKING pc=0x00000000025b583b sp=0x0000000017ccc668 mode 2
Event: 1896.058 Thread 0x0000000016cc2000 Uncommon trap: trap_request=0xffffffde fr.pc=0x0000000002a83500
Event: 1896.058 Thread 0x0000000016cc2000 DEOPT PACKING pc=0x0000000002a83500 sp=0x0000000017ccbac0
Event: 1896.058 Thread 0x0000000016cc2000 DEOPT UNPACKING pc=0x00000000025b583b sp=0x0000000017ccba58 mode 2


Dynamic libraries:
0x00007ff6c9990000 - 0x00007ff6c99c7000 	C:\Program Files\Java\jdk1.8.0_241\bin\java.exe
0x00007ff9a4a60000 - 0x00007ff9a4c41000 	C:\Windows\SYSTEM32\ntdll.dll
0x00007ff98a8b0000 - 0x00007ff98a8c5000 	C:\Program Files\AVAST Software\Avast\aswhook.dll
0x00007ff9a40a0000 - 0x00007ff9a4152000 	C:\Windows\System32\KERNEL32.DLL
0x00007ff9a10d0000 - 0x00007ff9a1343000 	C:\Windows\System32\KERNELBASE.dll
0x00007ff9a2160000 - 0x00007ff9a2201000 	C:\Windows\System32\ADVAPI32.dll
0x00007ff9a22f0000 - 0x00007ff9a238e000 	C:\Windows\System32\msvcrt.dll
0x00007ff9a2210000 - 0x00007ff9a226b000 	C:\Windows\System32\sechost.dll
0x00007ff9a1ef0000 - 0x00007ff9a2014000 	C:\Windows\System32\RPCRT4.dll
0x00007ff9a4590000 - 0x00007ff9a4720000 	C:\Windows\System32\USER32.dll
0x00007ff9a1dd0000 - 0x00007ff9a1df0000 	C:\Windows\System32\win32u.dll
0x00007ff9a4780000 - 0x00007ff9a47a8000 	C:\Windows\System32\GDI32.dll
0x00007ff9a0e30000 - 0x00007ff9a0fc2000 	C:\Windows\System32\gdi32full.dll
0x00007ff9a1350000 - 0x00007ff9a13ef000 	C:\Windows\System32\msvcp_win.dll
0x00007ff9a1df0000 - 0x00007ff9a1eea000 	C:\Windows\System32\ucrtbase.dll
0x00007ff992320000 - 0x00007ff992589000 	C:\Windows\WinSxS\amd64_microsoft.windows.common-controls_6595b64144ccf1df_6.0.17134.320_none_fb3d992f3069e403\COMCTL32.dll
0x00007ff9a4170000 - 0x00007ff9a4493000 	C:\Windows\System32\combase.dll
0x00007ff9a13f0000 - 0x00007ff9a146a000 	C:\Windows\System32\bcryptPrimitives.dll
0x00007ff9a2440000 - 0x00007ff9a246d000 	C:\Windows\System32\IMM32.DLL
0x0000000075680000 - 0x0000000075752000 	C:\Program Files\Java\jdk1.8.0_241\jre\bin\msvcr100.dll
0x0000000075760000 - 0x000000007600c000 	C:\Program Files\Java\jdk1.8.0_241\jre\bin\server\jvm.dll
0x00007ff9a4160000 - 0x00007ff9a4168000 	C:\Windows\System32\PSAPI.DLL
0x00007ff99f5e0000 - 0x00007ff99f5e9000 	C:\Windows\SYSTEM32\WSOCK32.dll
0x00007ff9a20f0000 - 0x00007ff9a215c000 	C:\Windows\System32\WS2_32.dll
0x00007ff99ddb0000 - 0x00007ff99ddd3000 	C:\Windows\SYSTEM32\WINMM.dll
0x00007ff995aa0000 - 0x00007ff995aaa000 	C:\Windows\SYSTEM32\VERSION.dll
0x00007ff99dd80000 - 0x00007ff99ddaa000 	C:\Windows\SYSTEM32\WINMMBASE.dll
0x00007ff9a0fd0000 - 0x00007ff9a1019000 	C:\Windows\System32\cfgmgr32.dll
0x00007ff990d80000 - 0x00007ff990d8f000 	C:\Program Files\Java\jdk1.8.0_241\jre\bin\verify.dll
0x00007ff973d60000 - 0x00007ff973d89000 	C:\Program Files\Java\jdk1.8.0_241\jre\bin\java.dll
0x00007ff98a000000 - 0x00007ff98a016000 	C:\Program Files\Java\jdk1.8.0_241\jre\bin\zip.dll
0x00007ff9a2920000 - 0x00007ff9a3d5f000 	C:\Windows\System32\SHELL32.dll
0x00007ff9a2390000 - 0x00007ff9a2439000 	C:\Windows\System32\shcore.dll
0x00007ff9a1470000 - 0x00007ff9a1b7d000 	C:\Windows\System32\windows.storage.dll
0x00007ff9a4720000 - 0x00007ff9a4771000 	C:\Windows\System32\shlwapi.dll
0x00007ff9a0dd0000 - 0x00007ff9a0de1000 	C:\Windows\System32\kernel.appcore.dll
0x00007ff9a0e10000 - 0x00007ff9a0e2f000 	C:\Windows\System32\profapi.dll
0x00007ff9a0d80000 - 0x00007ff9a0dcc000 	C:\Windows\System32\powrprof.dll
0x00007ff9a0d70000 - 0x00007ff9a0d7a000 	C:\Windows\System32\FLTLIB.DLL
0x00007ff968bb0000 - 0x00007ff968d4a000 	C:\Program Files\Java\jdk1.8.0_241\jre\bin\awt.dll
0x00007ff9a2020000 - 0x00007ff9a20e2000 	C:\Windows\System32\OLEAUT32.dll
0x00007ff99dcb0000 - 0x00007ff99dd3b000 	C:\Windows\SYSTEM32\apphelp.dll
0x00007ff99e020000 - 0x00007ff99e0b8000 	C:\Windows\system32\uxtheme.dll
0x00007ff9a3d80000 - 0x00007ff9a3ef4000 	C:\Windows\System32\MSCTF.dll
0x00007ff99e790000 - 0x00007ff99e7b9000 	C:\Windows\system32\dwmapi.dll
0x00007ff9a4830000 - 0x00007ff9a4981000 	C:\Windows\System32\ole32.dll
0x00007ff96c8d0000 - 0x00007ff96c919000 	C:\Program Files\Java\jdk1.8.0_241\jre\bin\fontmanager.dll
0x00007ff98bad0000 - 0x00007ff98bbf0000 	C:\Windows\system32\opengl32.dll
0x00007ff992f10000 - 0x00007ff992f3c000 	C:\Windows\SYSTEM32\GLU32.dll
0x00007ff96f5a0000 - 0x00007ff96f5d1000 	C:\Program Files\Java\jdk1.8.0_241\jre\bin\jpeg.dll
0x00007ff989ac0000 - 0x00007ff989ada000 	C:\Program Files\Java\jdk1.8.0_241\jre\bin\net.dll
0x00007ff9a0230000 - 0x00007ff9a0296000 	C:\Windows\system32\mswsock.dll
0x00007ff9a0000000 - 0x00007ff9a00be000 	C:\Windows\SYSTEM32\DNSAPI.dll
0x00007ff9a3d70000 - 0x00007ff9a3d78000 	C:\Windows\System32\NSI.dll
0x00007ff99ffb0000 - 0x00007ff99ffe8000 	C:\Windows\SYSTEM32\IPHLPAPI.DLL
0x00007ff993690000 - 0x00007ff99369a000 	C:\Windows\System32\rasadhlp.dll
0x00007ff992b10000 - 0x00007ff992b82000 	C:\Windows\System32\fwpuclnt.dll
0x00007ff9a0890000 - 0x00007ff9a08b5000 	C:\Windows\SYSTEM32\bcrypt.dll
0x00007ff989550000 - 0x00007ff989562000 	C:\Program Files\Java\jdk1.8.0_241\jre\bin\nio.dll
0x00007ff96c760000 - 0x00007ff96c7a2000 	C:\Program Files\Java\jdk1.8.0_241\jre\bin\t2k.dll
0x00007ff9a4990000 - 0x00007ff9a4a30000 	C:\Windows\System32\clbcatq.dll
0x00007ff99c1f0000 - 0x00007ff99c39e000 	C:\Windows\SYSTEM32\WindowsCodecs.dll
0x00007ff98df90000 - 0x00007ff98dfe8000 	C:\Windows\system32\dataexchange.dll
0x00007ff99c9d0000 - 0x00007ff99ccdb000 	C:\Windows\system32\d3d11.dll
0x00007ff99d2e0000 - 0x00007ff99d47c000 	C:\Windows\system32\dcomp.dll
0x00007ff99f7a0000 - 0x00007ff99f85b000 	C:\Windows\system32\dxgi.dll
0x00007ff99ea20000 - 0x00007ff99ebd8000 	C:\Windows\system32\twinapi.appcore.dll
0x00007ff99e930000 - 0x00007ff99e951000 	C:\Windows\system32\RMCLIENT.dll
0x00007ff990880000 - 0x00007ff990917000 	C:\Windows\System32\TextInputFramework.dll
0x00007ff99bcf0000 - 0x00007ff99c00e000 	C:\Windows\System32\CoreUIComponents.dll
0x00007ff99d4b0000 - 0x00007ff99d58a000 	C:\Windows\System32\CoreMessaging.dll
0x00007ff99fad0000 - 0x00007ff99fb01000 	C:\Windows\SYSTEM32\ntmarta.dll
0x00007ff99ba70000 - 0x00007ff99bbbd000 	C:\Windows\SYSTEM32\wintypes.dll
0x00007ff972890000 - 0x00007ff9728ba000 	C:\Program Files\Java\jdk1.8.0_241\jre\bin\dcpr.dll

VM Arguments:
jvm_args: -Dfile.encoding=UTF-8 
java_command: Exam.manage
java_class_path (initial): C:\Program Files\NetBeans 8.2\java\modules\ext\beansbinding-1.2.1.jar;C:\Users\hahahahah\Downloads\mysql-connector-java-5.1.48.zip;C:\Users\hahahahah\Downloads\com.mysql.jdbc_5.1.5.jar (1).zip;C:\Users\hahahahah\Downloads\mysql-connector-java-8.0.19.zip;C:\Users\hahahahah\Downloads\mysql-connector-java-8.0.19\mysql-connector-java-8.0.19.jar;C:\Users\hahahahah\Documents\jaco-mp3-player-0.9.3.jar;C:\Users\hahahahah\Downloads\jdk-8u241-docs-all.zip;G:\Exam Application\Exam\build\classes
Launcher Type: SUN_STANDARD

Environment Variables:
JAVA_HOME=C:\Program Files\Java\jdk-13.0.2
CLASSPATH=.;.;C:\PROGRA~2\JMF21~1.1E\lib\sound.jar;C:\PROGRA~2\JMF21~1.1E\lib\jmf.jar;C:\PROGRA~2\JMF21~1.1E\lib;
PATH=C:\Program Files (x86)\Common Files\Oracle\Java\javapath;C:\Windows\system32;C:\Windows;C:\Windows\System32\Wbem;C:\Windows\System32\WindowsPowerShell\v1.0\;C:\Windows\System32\OpenSSH\;C:\Program Files\Java\jdk1.8.0_241\bin\;C:\Program Files\Java\jre1.8.0_221\bin;C:\Users\hahahahah\AppData\Local\Microsoft\WindowsApps;
USERNAME=hahahahah
OS=Windows_NT
PROCESSOR_IDENTIFIER=Intel64 Family 6 Model 142 Stepping 9, GenuineIntel



---------------  S Y S T E M  ---------------

OS: Windows 10.0 , 64 bit Build 17134 (10.0.17134.1)

CPU:total 4 (initial active 4) (2 cores per cpu, 2 threads per core) family 6 model 142 stepping 9, cmov, cx8, fxsr, mmx, sse, sse2, sse3, ssse3, sse4.1, sse4.2, popcnt, avx, avx2, aes, clmul, erms, 3dnowpref, lzcnt, ht, tsc, tscinvbit, bmi1, bmi2, adx

Memory: 4k page, physical 4108200k(495008k free), swap 16691112k(3556k free)

vm_info: Java HotSpot(TM) 64-Bit Server VM (25.241-b07) for windows-amd64 JRE (1.8.0_241-b07), built on Dec 11 2019 10:21:40 by "rejava" with MS VC++ 10.0 (VS2010)

time: Tue Mar 03 18:10:37 2020
timezone: Pacific Standard Time
elapsed time: 1896 seconds (0d 0h 31m 36s)

